<?xml version="1.0" encoding="UTF-8"?>
<testng-results skipped="0" failed="0" ignored="0" total="1" passed="1">
  <reporter-output>
  </reporter-output>
  <suite name="Default suite" duration-ms="38175" started-at="2020-08-28T18:45:17 CDT" finished-at="2020-08-28T18:45:55 CDT">
    <groups>
    </groups>
    <test name="Default test" duration-ms="38175" started-at="2020-08-28T18:45:17 CDT" finished-at="2020-08-28T18:45:55 CDT">
      <class name="Exam_Junit.second_Question">
        <test-method status="PASS" signature="launch()[pri:0, instance:Exam_Junit.second_Question@58a90037]" name="launch" duration-ms="38125" started-at="2020-08-28T18:45:17 CDT" finished-at="2020-08-28T18:45:55 CDT">
          <reporter-output>
          </reporter-output>
        </test-method> <!-- launch -->
      </class> <!-- Exam_Junit.second_Question -->
    </test> <!-- Default test -->
  </suite> <!-- Default suite -->
</testng-results>
